# JRE version: Java(TM) SE Runtime Environment (7.0_80-b15) (build 1.7.0_80-b15)
# Java VM: Java HotSpot(TM) 64-Bit Server VM (24.80-b11 mixed mode windows-amd64 compressed oops)
Heap
 PSYoungGen      total 69632K, used 64512K [0x00000007d6a80000, 0x00000007dd080000, 0x0000000800000000)
  eden space 64512K, 100% used [0x00000007d6a80000,0x00000007da980000,0x00000007da980000)
  from space 5120K, 0% used [0x00000007da980000,0x00000007da980000,0x00000007dae80000)
  to   space 5120K, 100% used [0x00000007dcb80000,0x00000007dd080000,0x00000007dd080000)
 ParOldGen       total 294912K, used 187889K [0x0000000784000000, 0x0000000796000000, 0x00000007d6a80000)
  object space 294912K, 63% used [0x0000000784000000,0x000000078f77c7f0,0x0000000796000000)
 PSPermGen       total 21504K, used 2506K [0x000000077ee00000, 0x0000000780300000, 0x0000000784000000)
  object space 21504K, 11% used [0x000000077ee00000,0x000000077f072950,0x0000000780300000)
GC Heap History (10 events):
Event: 0.286 GC heap after
Heap after GC invocations=1 (full 0):
 PSYoungGen      total 37376K, used 5120K [0x00000007d6a80000, 0x00000007db380000, 0x0000000800000000)
  eden space 32256K, 0% used [0x00000007d6a80000,0x00000007d6a80000,0x00000007d8a00000)
  from space 5120K, 100% used [0x00000007d8a00000,0x00000007d8f00000,0x00000007d8f00000)
  to   space 5120K, 0% used [0x00000007dae80000,0x00000007dae80000,0x00000007db380000)
 ParOldGen       total 84480K, used 27160K [0x0000000784000000, 0x0000000789280000, 0x00000007d6a80000)
  object space 84480K, 32% used [0x0000000784000000,0x0000000785a86000,0x0000000789280000)
 PSPermGen       total 21504K, used 2507K [0x000000077ee00000, 0x0000000780300000, 0x0000000784000000)
  object space 21504K, 11% used [0x000000077ee00000,0x000000077f072cf0,0x0000000780300000)
}
Event: 0.319 GC heap before
{Heap before GC invocations=2 (full 0):
 PSYoungGen      total 37376K, used 37376K [0x00000007d6a80000, 0x00000007db380000, 0x0000000800000000)
  eden space 32256K, 100% used [0x00000007d6a80000,0x00000007d8a00000,0x00000007d8a00000)
  from space 5120K, 100% used [0x00000007d8a00000,0x00000007d8f00000,0x00000007d8f00000)
  to   space 5120K, 0% used [0x00000007dae80000,0x00000007dae80000,0x00000007db380000)
 ParOldGen       total 84480K, used 27160K [0x0000000784000000, 0x0000000789280000, 0x00000007d6a80000)
  object space 84480K, 32% used [0x0000000784000000,0x0000000785a86000,0x0000000789280000)
 PSPermGen       total 21504K, used 2507K [0x000000077ee00000, 0x0000000780300000, 0x0000000784000000)
  object space 21504K, 11% used [0x000000077ee00000,0x000000077f072cf0,0x0000000780300000)
Event: 0.452 GC heap after
Heap after GC invocations=2 (full 0):
 PSYoungGen      total 69632K, used 5104K [0x00000007d6a80000, 0x00000007db380000, 0x0000000800000000)
  eden space 64512K, 0% used [0x00000007d6a80000,0x00000007d6a80000,0x00000007da980000)
  from space 5120K, 99% used [0x00000007dae80000,0x00000007db37c010,0x00000007db380000)
  to   space 5120K, 0% used [0x00000007da980000,0x00000007da980000,0x00000007dae80000)
 ParOldGen       total 84480K, used 58904K [0x0000000784000000, 0x0000000789280000, 0x00000007d6a80000)
  object space 84480K, 69% used [0x0000000784000000,0x0000000787986000,0x0000000789280000)
 PSPermGen       total 21504K, used 2507K [0x000000077ee00000, 0x0000000780300000, 0x0000000784000000)
  object space 21504K, 11% used [0x000000077ee00000,0x000000077f072cf0,0x0000000780300000)
}
Event: 0.452 GC heap before
{Heap before GC invocations=3 (full 1):
 PSYoungGen      total 69632K, used 5104K [0x00000007d6a80000, 0x00000007db380000, 0x0000000800000000)
  eden space 64512K, 0% used [0x00000007d6a80000,0x00000007d6a80000,0x00000007da980000)
  from space 5120K, 99% used [0x00000007dae80000,0x00000007db37c010,0x00000007db380000)
  to   space 5120K, 0% used [0x00000007da980000,0x00000007da980000,0x00000007dae80000)
 ParOldGen       total 84480K, used 58904K [0x0000000784000000, 0x0000000789280000, 0x00000007d6a80000)
  object space 84480K, 69% used [0x0000000784000000,0x0000000787986000,0x0000000789280000)
 PSPermGen       total 21504K, used 2507K [0x000000077ee00000, 0x0000000780300000, 0x0000000784000000)
  object space 21504K, 11% used [0x000000077ee00000,0x000000077f072cf0,0x0000000780300000)
Event: 2.003 GC heap after
Heap after GC invocations=3 (full 1):
 PSYoungGen      total 69632K, used 0K [0x00000007d6a80000, 0x00000007db380000, 0x0000000800000000)
  eden space 64512K, 0% used [0x00000007d6a80000,0x00000007d6a80000,0x00000007da980000)
  from space 5120K, 0% used [0x00000007dae80000,0x00000007dae80000,0x00000007db380000)
  to   space 5120K, 0% used [0x00000007da980000,0x00000007da980000,0x00000007dae80000)
 ParOldGen       total 154112K, used 63747K [0x0000000784000000, 0x000000078d680000, 0x00000007d6a80000)
  object space 154112K, 41% used [0x0000000784000000,0x0000000787e40e50,0x000000078d680000)
 PSPermGen       total 21504K, used 2506K [0x000000077ee00000, 0x0000000780300000, 0x0000000784000000)
  object space 21504K, 11% used [0x000000077ee00000,0x000000077f072950,0x0000000780300000)
}
Event: 2.082 GC heap before
{Heap before GC invocations=4 (full 1):
 PSYoungGen      total 69632K, used 64512K [0x00000007d6a80000, 0x00000007db380000, 0x0000000800000000)
  eden space 64512K, 100% used [0x00000007d6a80000,0x00000007da980000,0x00000007da980000)
  from space 5120K, 0% used [0x00000007dae80000,0x00000007dae80000,0x00000007db380000)
  to   space 5120K, 0% used [0x00000007da980000,0x00000007da980000,0x00000007dae80000)
 ParOldGen       total 154112K, used 63747K [0x0000000784000000, 0x000000078d680000, 0x00000007d6a80000)
  object space 154112K, 41% used [0x0000000784000000,0x0000000787e40e50,0x000000078d680000)
 PSPermGen       total 21504K, used 2506K [0x000000077ee00000, 0x0000000780300000, 0x0000000784000000)
  object space 21504K, 11% used [0x000000077ee00000,0x000000077f072950,0x0000000780300000)
Event: 2.267 GC heap after
Heap after GC invocations=4 (full 1):
 PSYoungGen      total 69632K, used 5120K [0x00000007d6a80000, 0x00000007dd080000, 0x0000000800000000)
  eden space 64512K, 0% used [0x00000007d6a80000,0x00000007d6a80000,0x00000007da980000)
  from space 5120K, 100% used [0x00000007da980000,0x00000007dae80000,0x00000007dae80000)
  to   space 5120K, 0% used [0x00000007dcb80000,0x00000007dcb80000,0x00000007dd080000)
 ParOldGen       total 154112K, used 123387K [0x0000000784000000, 0x000000078d680000, 0x00000007d6a80000)
  object space 154112K, 80% used [0x0000000784000000,0x000000078b87ee50,0x000000078d680000)
 PSPermGen       total 21504K, used 2506K [0x000000077ee00000, 0x0000000780300000, 0x0000000784000000)
  object space 21504K, 11% used [0x000000077ee00000,0x000000077f072950,0x0000000780300000)
}
Event: 2.267 GC heap before
{Heap before GC invocations=5 (full 2):
 PSYoungGen      total 69632K, used 5120K [0x00000007d6a80000, 0x00000007dd080000, 0x0000000800000000)
  eden space 64512K, 0% used [0x00000007d6a80000,0x00000007d6a80000,0x00000007da980000)
  from space 5120K, 100% used [0x00000007da980000,0x00000007dae80000,0x00000007dae80000)
  to   space 5120K, 0% used [0x00000007dcb80000,0x00000007dcb80000,0x00000007dd080000)
 ParOldGen       total 154112K, used 123387K [0x0000000784000000, 0x000000078d680000, 0x00000007d6a80000)
  object space 154112K, 80% used [0x0000000784000000,0x000000078b87ee50,0x000000078d680000)
 PSPermGen       total 21504K, used 2506K [0x000000077ee00000, 0x0000000780300000, 0x0000000784000000)
  object space 21504K, 11% used [0x000000077ee00000,0x000000077f072950,0x0000000780300000)
Event: 3.925 GC heap after
Heap after GC invocations=5 (full 2):
 PSYoungGen      total 69632K, used 0K [0x00000007d6a80000, 0x00000007dd080000, 0x0000000800000000)
  eden space 64512K, 0% used [0x00000007d6a80000,0x00000007d6a80000,0x00000007da980000)
  from space 5120K, 0% used [0x00000007da980000,0x00000007da980000,0x00000007dae80000)
  to   space 5120K, 0% used [0x00000007dcb80000,0x00000007dcb80000,0x00000007dd080000)
 ParOldGen       total 294912K, used 128257K [0x0000000784000000, 0x0000000796000000, 0x00000007d6a80000)
  object space 294912K, 43% used [0x0000000784000000,0x000000078bd407f0,0x0000000796000000)
 PSPermGen       total 21504K, used 2506K [0x000000077ee00000, 0x0000000780300000, 0x0000000784000000)
  object space 21504K, 11% used [0x000000077ee00000,0x000000077f072950,0x0000000780300000)
}
Event: 3.993 GC heap before
{Heap before GC invocations=6 (full 2):
 PSYoungGen      total 69632K, used 64512K [0x00000007d6a80000, 0x00000007dd080000, 0x0000000800000000)
  eden space 64512K, 100% used [0x00000007d6a80000,0x00000007da980000,0x00000007da980000)
  from space 5120K, 0% used [0x00000007da980000,0x00000007da980000,0x00000007dae80000)
  to   space 5120K, 0% used [0x00000007dcb80000,0x00000007dcb80000,0x00000007dd080000)
 ParOldGen       total 294912K, used 128257K [0x0000000784000000, 0x0000000796000000, 0x00000007d6a80000)
  object space 294912K, 43% used [0x0000000784000000,0x000000078bd407f0,0x0000000796000000)
 PSPermGen       total 21504K, used 2506K [0x000000077ee00000, 0x0000000780300000, 0x0000000784000000)
  object space 21504K, 11% used [0x000000077ee00000,0x000000077f072950,0x0000000780300000)

